Determining if the pthread_create exist failed with the following output:
Change Dir: /home/nisha/grt/build/tmp/CMakeFiles/CMakeTmp

Run Build Command:"/usr/bin/make" "cmTC_44c65/fast"
/usr/bin/make -f CMakeFiles/cmTC_44c65.dir/build.make CMakeFiles/cmTC_44c65.dir/build
make[1]: Entering directory '/home/nisha/grt/build/tmp/CMakeFiles/CMakeTmp'
Building C object CMakeFiles/cmTC_44c65.dir/CheckSymbolExists.c.o
/usr/bin/cc    -o CMakeFiles/cmTC_44c65.dir/CheckSymbolExists.c.o   -c /home/nisha/grt/build/tmp/CMakeFiles/CMakeTmp/CheckSymbolExists.c
Linking C executable cmTC_44c65
/usr/bin/cmake -E cmake_link_script CMakeFiles/cmTC_44c65.dir/link.txt --verbose=1
/usr/bin/cc      -rdynamic CMakeFiles/cmTC_44c65.dir/CheckSymbolExists.c.o  -o cmTC_44c65 
CMakeFiles/cmTC_44c65.dir/CheckSymbolExists.c.o: In function `main':
CheckSymbolExists.c:(.text+0x1b): undefined reference to `pthread_create'
collect2: error: ld returned 1 exit status
CMakeFiles/cmTC_44c65.dir/build.make:97: recipe for target 'cmTC_44c65' failed
make[1]: *** [cmTC_44c65] Error 1
make[1]: Leaving directory '/home/nisha/grt/build/tmp/CMakeFiles/CMakeTmp'
Makefile:126: recipe for target 'cmTC_44c65/fast' failed
make: *** [cmTC_44c65/fast] Error 2

File /home/nisha/grt/build/tmp/CMakeFiles/CMakeTmp/CheckSymbolExists.c:
/* */
#include <pthread.h>

int main(int argc, char** argv)
{
  (void)argv;
#ifndef pthread_create
  return ((int*)(&pthread_create))[argc];
#else
  (void)argc;
  return 0;
#endif
}

Determining if the function pthread_create exists in the pthreads failed with the following output:
Change Dir: /home/nisha/grt/build/tmp/CMakeFiles/CMakeTmp

Run Build Command:"/usr/bin/make" "cmTC_b7588/fast"
/usr/bin/make -f CMakeFiles/cmTC_b7588.dir/build.make CMakeFiles/cmTC_b7588.dir/build
make[1]: Entering directory '/home/nisha/grt/build/tmp/CMakeFiles/CMakeTmp'
Building C object CMakeFiles/cmTC_b7588.dir/CheckFunctionExists.c.o
/usr/bin/cc   -DCHECK_FUNCTION_EXISTS=pthread_create   -o CMakeFiles/cmTC_b7588.dir/CheckFunctionExists.c.o   -c /usr/share/cmake-3.10/Modules/CheckFunctionExists.c
Linking C executable cmTC_b7588
/usr/bin/cmake -E cmake_link_script CMakeFiles/cmTC_b7588.dir/link.txt --verbose=1
/usr/bin/cc  -DCHECK_FUNCTION_EXISTS=pthread_create    -rdynamic CMakeFiles/cmTC_b7588.dir/CheckFunctionExists.c.o  -o cmTC_b7588 -lpthreads 
/usr/bin/x86_64-linux-gnu-ld: cannot find -lpthreads
collect2: error: ld returned 1 exit status
CMakeFiles/cmTC_b7588.dir/build.make:97: recipe for target 'cmTC_b7588' failed
make[1]: *** [cmTC_b7588] Error 1
make[1]: Leaving directory '/home/nisha/grt/build/tmp/CMakeFiles/CMakeTmp'
Makefile:126: recipe for target 'cmTC_b7588/fast' failed
make: *** [cmTC_b7588/fast] Error 2


